<?xml version="1.0" encoding="UTF-8"?>
<testng-results skipped="0" failed="0" total="2" passed="2">
  <reporter-output>
  </reporter-output>
  <suite name="Suite" duration-ms="74770" started-at="2017-11-19T13:01:02Z" finished-at="2017-11-19T13:02:17Z">
    <groups>
    </groups>
    <test name="Test" duration-ms="74770" started-at="2017-11-19T13:01:02Z" finished-at="2017-11-19T13:02:17Z">
      <class name="tests.NewTest">
        <test-method status="PASS" signature="beforeMethod()[pri:0, instance:tests.NewTest@6cd8737]" name="beforeMethod" is-config="true" duration-ms="28411" started-at="2017-11-19T18:31:02Z" finished-at="2017-11-19T18:31:30Z">
          <reporter-output>
          </reporter-output>
        </test-method> <!-- beforeMethod -->
        <test-method status="PASS" signature="beforeMethod()[pri:0, instance:tests.NewTest2@42d3bd8b]" name="beforeMethod" is-config="true" duration-ms="35162" started-at="2017-11-19T18:31:30Z" finished-at="2017-11-19T18:32:06Z">
          <reporter-output>
          </reporter-output>
        </test-method> <!-- beforeMethod -->
        <test-method status="PASS" signature="method()[pri:0, instance:tests.NewTest@6cd8737]" name="method" duration-ms="9884" started-at="2017-11-19T18:32:06Z" finished-at="2017-11-19T18:32:15Z">
          <reporter-output>
          </reporter-output>
        </test-method> <!-- method -->
        <test-method status="PASS" signature="afterMethod()[pri:0, instance:tests.NewTest@6cd8737]" name="afterMethod" is-config="true" duration-ms="828" started-at="2017-11-19T18:32:15Z" finished-at="2017-11-19T18:32:16Z">
          <reporter-output>
          </reporter-output>
        </test-method> <!-- afterMethod -->
        <test-method status="PASS" signature="afterMethod()[pri:0, instance:tests.NewTest2@42d3bd8b]" name="afterMethod" is-config="true" duration-ms="466" started-at="2017-11-19T18:32:16Z" finished-at="2017-11-19T18:32:17Z">
          <reporter-output>
          </reporter-output>
        </test-method> <!-- afterMethod -->
      </class> <!-- tests.NewTest -->
      <class name="tests.NewTest2">
        <test-method status="PASS" signature="method()[pri:0, instance:tests.NewTest2@42d3bd8b]" name="method" duration-ms="7723" started-at="2017-11-19T18:32:06Z" finished-at="2017-11-19T18:32:13Z">
          <reporter-output>
          </reporter-output>
        </test-method> <!-- method -->
      </class> <!-- tests.NewTest2 -->
    </test> <!-- Test -->
  </suite> <!-- Suite -->
</testng-results>
