<?xml version="1.0" encoding="UTF-8"?>
<testng-results skipped="0" failed="0" total="2" passed="2">
  <reporter-output>
  </reporter-output>
  <suite name="Suite" duration-ms="29731" started-at="2017-11-18T16:57:21Z" finished-at="2017-11-18T16:57:51Z">
    <groups>
    </groups>
    <test name="Test" duration-ms="29731" started-at="2017-11-18T16:57:21Z" finished-at="2017-11-18T16:57:51Z">
      <class name="tests.NewTest">
        <test-method status="PASS" signature="beforeMethod()[pri:0, instance:tests.NewTest@5dfcfece]" name="beforeMethod" is-config="true" duration-ms="8503" started-at="2017-11-18T22:27:21Z" finished-at="2017-11-18T22:27:30Z">
          <reporter-output>
          </reporter-output>
        </test-method> <!-- beforeMethod -->
        <test-method status="PASS" signature="beforeMethod()[pri:0, instance:tests.NewTest2@5419f379]" name="beforeMethod" is-config="true" duration-ms="12553" started-at="2017-11-18T22:27:30Z" finished-at="2017-11-18T22:27:42Z">
          <reporter-output>
          </reporter-output>
        </test-method> <!-- beforeMethod -->
        <test-method status="PASS" signature="method()[pri:0, instance:tests.NewTest@5dfcfece]" name="method" duration-ms="7557" started-at="2017-11-18T22:27:42Z" finished-at="2017-11-18T22:27:50Z">
          <reporter-output>
          </reporter-output>
        </test-method> <!-- method -->
        <test-method status="PASS" signature="afterMethod()[pri:0, instance:tests.NewTest@5dfcfece]" name="afterMethod" is-config="true" duration-ms="688" started-at="2017-11-18T22:27:50Z" finished-at="2017-11-18T22:27:51Z">
          <reporter-output>
          </reporter-output>
        </test-method> <!-- afterMethod -->
        <test-method status="PASS" signature="afterMethod()[pri:0, instance:tests.NewTest2@5419f379]" name="afterMethod" is-config="true" duration-ms="398" started-at="2017-11-18T22:27:51Z" finished-at="2017-11-18T22:27:51Z">
          <reporter-output>
          </reporter-output>
        </test-method> <!-- afterMethod -->
      </class> <!-- tests.NewTest -->
      <class name="tests.NewTest2">
        <test-method status="PASS" signature="method()[pri:0, instance:tests.NewTest2@5419f379]" name="method" duration-ms="6237" started-at="2017-11-18T22:27:42Z" finished-at="2017-11-18T22:27:49Z">
          <reporter-output>
          </reporter-output>
        </test-method> <!-- method -->
      </class> <!-- tests.NewTest2 -->
    </test> <!-- Test -->
  </suite> <!-- Suite -->
</testng-results>
